15-May-2018 18:46:10.024 INFORMACIÓN [http-nio-8088-exec-2] org.apache.catalina.core.ApplicationContext.log No state saving method defined, assuming default server state saving
15-May-2018 18:46:10.073 GRAVE [http-nio-8088-exec-2] org.apache.catalina.core.StandardWrapperValve.invoke Servlet.service() para servlet Faces Servlet lanzó excepción
 java.lang.IllegalStateException: No puedo crear una sesión después de llevar a cabo la respueta
	at org.apache.catalina.connector.Request.doGetSession(Request.java:2953)
	at org.apache.catalina.connector.Request.getSession(Request.java:2367)
	at org.apache.catalina.connector.RequestFacade.getSession(RequestFacade.java:896)
	at org.apache.myfaces.context.servlet.ServletExternalContextImpl.getSession(ServletExternalContextImpl.java:150)
	at org.apache.myfaces.view.impl.DefaultViewScopeHandler.generateViewScopeId(DefaultViewScopeHandler.java:159)
	at org.apache.myfaces.view.ViewScopeProxyMap.getWrapped(ViewScopeProxyMap.java:79)
	at org.apache.myfaces.view.ViewScopeProxyMap.isEmpty(ViewScopeProxyMap.java:104)
	at org.apache.myfaces.renderkit.ErrorPageWriter._writeVariables(ErrorPageWriter.java:792)
	at org.apache.myfaces.renderkit.ErrorPageWriter._writeVariables(ErrorPageWriter.java:770)
	at org.apache.myfaces.renderkit.ErrorPageWriter.debugHtml(ErrorPageWriter.java:357)
	at org.apache.myfaces.renderkit.ErrorPageWriter.handle(ErrorPageWriter.java:471)
	at org.apache.myfaces.context.MyFacesExceptionHandlerWrapperImpl.handle(MyFacesExceptionHandlerWrapperImpl.java:301)
	at javax.faces.context.ExceptionHandlerWrapper.handle(ExceptionHandlerWrapper.java:61)
	at org.apache.myfaces.lifecycle.LifecycleImpl.render(LifecycleImpl.java:287)
	at javax.faces.webapp.FacesServlet.service(FacesServlet.java:200)
	at org.apache.catalina.core.ApplicationFilterChain.internalDoFilter(ApplicationFilterChain.java:230)
	at org.apache.catalina.core.ApplicationFilterChain.doFilter(ApplicationFilterChain.java:165)
	at org.apache.tomcat.websocket.server.WsFilter.doFilter(WsFilter.java:52)
	at org.apache.catalina.core.ApplicationFilterChain.internalDoFilter(ApplicationFilterChain.java:192)
	at org.apache.catalina.core.ApplicationFilterChain.doFilter(ApplicationFilterChain.java:165)
	at org.apache.catalina.core.StandardWrapperValve.invoke(StandardWrapperValve.java:198)
	at org.apache.catalina.core.StandardContextValve.invoke(StandardContextValve.java:108)
	at org.apache.tomee.catalina.OpenEJBValve.invoke(OpenEJBValve.java:44)
	at org.apache.catalina.authenticator.AuthenticatorBase.invoke(AuthenticatorBase.java:472)
	at org.apache.catalina.core.StandardHostValve.invoke(StandardHostValve.java:140)
	at org.apache.catalina.valves.ErrorReportValve.invoke(ErrorReportValve.java:79)
	at org.apache.tomee.catalina.OpenEJBSecurityListener$RequestCapturer.invoke(OpenEJBSecurityListener.java:97)
	at org.apache.catalina.valves.AbstractAccessLogValve.invoke(AbstractAccessLogValve.java:620)
	at org.apache.catalina.core.StandardEngineValve.invoke(StandardEngineValve.java:87)
	at org.apache.catalina.connector.CoyoteAdapter.service(CoyoteAdapter.java:349)
	at org.apache.coyote.http11.Http11Processor.service(Http11Processor.java:784)
	at org.apache.coyote.AbstractProcessorLight.process(AbstractProcessorLight.java:66)
	at org.apache.coyote.AbstractProtocol$ConnectionHandler.process(AbstractProtocol.java:802)
	at org.apache.tomcat.util.net.NioEndpoint$SocketProcessor.doRun(NioEndpoint.java:1410)
	at org.apache.tomcat.util.net.SocketProcessorBase.run(SocketProcessorBase.java:49)
	at java.util.concurrent.ThreadPoolExecutor.runWorker(ThreadPoolExecutor.java:1149)
	at java.util.concurrent.ThreadPoolExecutor$Worker.run(ThreadPoolExecutor.java:624)
	at org.apache.tomcat.util.threads.TaskThread$WrappingRunnable.run(TaskThread.java:61)
	at java.lang.Thread.run(Thread.java:748)

